<?xml version="1.0" encoding="UTF-8"?>
<!-- Generated by org.testng.reporters.JUnitXMLReporter -->
<testsuite ignored="19" hostname="WINDOWS-33PFONA" failures="0" tests="6" name="Smoke" time="115.164" errors="0" timestamp="2022-04-09T22:00:52 IST">
  <testcase classname="com.mystore.testcases.HomePageTest" name="orderHistoryandDetailsTest" time="12.107"/>
  <testcase classname="com.mystore.testcases.HomePageTest" name="wishListTest" time="9.38"/>
  <testcase classname="com.mystore.testcases.SearchResultPageTest" name="productAvailabilityTest" time="6.473"/>
  <testcase classname="com.mystore.testcases.IndexPageTest" name="verifyLogo" time="2.105"/>
  <testcase classname="com.mystore.testcases.IndexPageTest" name="verifyTitle" time="0.01"/>
  <testcase classname="com.mystore.testcases.LoginPageTest" name="loginTest" time="10.154"/>
  <testcase classname="com.mystore.testcases.OrderPageTest" name="verifyTotalPrice" time="0.0">
    <ignored/>
  </testcase> <!-- verifyTotalPrice -->
  <testcase classname="com.mystore.base.BaseClass" name="@BeforeSuite loadConfig" time="0.0">
    <ignored/>
  </testcase> <!-- @BeforeSuite loadConfig -->
  <testcase classname="com.mystore.base.BaseClass" name="@BeforeSuite loadConfig" time="0.0">
    <ignored/>
  </testcase> <!-- @BeforeSuite loadConfig -->
  <testcase classname="com.mystore.base.BaseClass" name="@BeforeSuite loadConfig" time="0.0">
    <ignored/>
  </testcase> <!-- @BeforeSuite loadConfig -->
  <testcase classname="com.mystore.base.BaseClass" name="@BeforeSuite loadConfig" time="0.0">
    <ignored/>
  </testcase> <!-- @BeforeSuite loadConfig -->
  <testcase classname="com.mystore.base.BaseClass" name="@BeforeSuite loadConfig" time="0.0">
    <ignored/>
  </testcase> <!-- @BeforeSuite loadConfig -->
  <testcase classname="com.mystore.base.BaseClass" name="@BeforeSuite loadConfig" time="0.0">
    <ignored/>
  </testcase> <!-- @BeforeSuite loadConfig -->
  <testcase classname="com.mystore.base.BaseClass" name="@BeforeSuite loadConfig" time="0.0">
    <ignored/>
  </testcase> <!-- @BeforeSuite loadConfig -->
  <testcase classname="com.mystore.testcases.AccountCreationPageTest" name="createAccountTest" time="0.0">
    <ignored/>
  </testcase> <!-- createAccountTest -->
  <testcase classname="com.mystore.base.BaseClass" name="@AfterSuite afterSuite" time="0.0">
    <ignored/>
  </testcase> <!-- @AfterSuite afterSuite -->
  <testcase classname="com.mystore.base.BaseClass" name="@AfterSuite afterSuite" time="0.0">
    <ignored/>
  </testcase> <!-- @AfterSuite afterSuite -->
  <testcase classname="com.mystore.base.BaseClass" name="@AfterSuite afterSuite" time="0.0">
    <ignored/>
  </testcase> <!-- @AfterSuite afterSuite -->
  <testcase classname="com.mystore.base.BaseClass" name="@AfterSuite afterSuite" time="0.0">
    <ignored/>
  </testcase> <!-- @AfterSuite afterSuite -->
  <testcase classname="com.mystore.base.BaseClass" name="@AfterSuite afterSuite" time="0.0">
    <ignored/>
  </testcase> <!-- @AfterSuite afterSuite -->
  <testcase classname="com.mystore.base.BaseClass" name="@AfterSuite afterSuite" time="0.0">
    <ignored/>
  </testcase> <!-- @AfterSuite afterSuite -->
  <testcase classname="com.mystore.base.BaseClass" name="@AfterSuite afterSuite" time="0.0">
    <ignored/>
  </testcase> <!-- @AfterSuite afterSuite -->
  <testcase classname="com.mystore.testcases.AddToCartPageTest" name="addToCartTest" time="0.0">
    <ignored/>
  </testcase> <!-- addToCartTest -->
  <testcase classname="com.mystore.testcases.AccountCreationPageTest" name="verifyCreateAccountPageTest" time="0.0">
    <ignored/>
  </testcase> <!-- verifyCreateAccountPageTest -->
  <testcase classname="com.mystore.testcases.EndToEndTest" name="endToEndTest" time="0.0">
    <ignored/>
  </testcase> <!-- endToEndTest -->
</testsuite> <!-- Smoke -->
